Arguments: 
  /home/max/.config/nvm/versions/node/v14.19.0/bin/node /snap/node/5880/bin/yarn.js global dir

PATH: 
  /home/max/.config/nvm/versions/node/v14.19.0/bin:/home/max/.local/bin:/home/max/.cargo/bin:/home/max/.local/bin:/usr/local/sbin:/usr/local/bin:/usr/sbin:/usr/bin:/sbin:/bin:/usr/games:/usr/local/games:/snap/bin

Yarn version: 
  1.22.17

Node version: 
  14.19.0

Platform: 
  linux x64

Trace: 
  Error: EACCES: permission denied, write
      at writeSync (fs.js:736:3)
      at SyncWriteStream._write (internal/fs/sync_write_stream.js:24:3)
      at writeOrBuffer (internal/streams/writable.js:358:12)
      at SyncWriteStream.Writable.write (internal/streams/writable.js:303:10)
      at ConsoleReporter._log (/snap/node/5880/lib/cli.js:96904:17)
      at ConsoleReporter.log (/snap/node/5880/lib/cli.js:96892:10)
      at dir (/snap/node/5880/lib/cli.js:36299:14)
      at Object.<anonymous> (/snap/node/5880/lib/cli.js:25983:25)
      at Generator.next (<anonymous>)
      at step (/snap/node/5880/lib/cli.js:310:30)

npm manifest: 
  No manifest

yarn manifest: 
  No manifest

Lockfile: 
  No lockfile
